{"C:\\OpenServer\\domains\\js-homework\\src\\array\\01_findMinElemArray.js": {"path":"C:\\OpenServer\\domains\\js-homework\\src\\array\\01_findMinElemArray.js","statementMap":{"0":{"start":{"line":2,"column":14},"end":{"line":2,"column":22}},"1":{"start":{"line":3,"column":4},"end":{"line":6,"column":5}},"2":{"start":{"line":3,"column":17},"end":{"line":3,"column":18}},"3":{"start":{"line":4,"column":8},"end":{"line":5,"column":23}},"4":{"start":{"line":5,"column":8},"end":{"line":5,"column":23}},"5":{"start":{"line":7,"column":4},"end":{"line":7,"column":15}},"6":{"start":{"line":10,"column":0},"end":{"line":10,"column":37}}},"fnMap":{"0":{"name":"findMinElemArray","decl":{"start":{"line":1,"column":9},"end":{"line":1,"column":25}},"loc":{"start":{"line":1,"column":32},"end":{"line":8,"column":1}},"line":1}},"branchMap":{"0":{"loc":{"start":{"line":4,"column":8},"end":{"line":5,"column":23}},"type":"if","locations":[{"start":{"line":4,"column":8},"end":{"line":5,"column":23}},{"start":{"line":4,"column":8},"end":{"line":5,"column":23}}],"line":4}},"s":{"0":1,"1":1,"2":1,"3":2,"4":0,"5":1,"6":1},"f":{"0":1},"b":{"0":[0,2]},"_coverageSchema":"1a1c01bbd47fc00a2c39e90264f33305004495a9","hash":"a45b1e421ce55ae6d3323e405db40867f9c81c65"}
,"C:\\OpenServer\\domains\\js-homework\\src\\array\\02_findMaxElemArray.js": {"path":"C:\\OpenServer\\domains\\js-homework\\src\\array\\02_findMaxElemArray.js","statementMap":{"0":{"start":{"line":2,"column":14},"end":{"line":2,"column":22}},"1":{"start":{"line":3,"column":4},"end":{"line":6,"column":5}},"2":{"start":{"line":3,"column":17},"end":{"line":3,"column":18}},"3":{"start":{"line":4,"column":8},"end":{"line":5,"column":23}},"4":{"start":{"line":5,"column":8},"end":{"line":5,"column":23}},"5":{"start":{"line":7,"column":4},"end":{"line":7,"column":15}},"6":{"start":{"line":10,"column":0},"end":{"line":10,"column":37}}},"fnMap":{"0":{"name":"findMaxElemArray","decl":{"start":{"line":1,"column":9},"end":{"line":1,"column":25}},"loc":{"start":{"line":1,"column":32},"end":{"line":8,"column":1}},"line":1}},"branchMap":{"0":{"loc":{"start":{"line":4,"column":8},"end":{"line":5,"column":23}},"type":"if","locations":[{"start":{"line":4,"column":8},"end":{"line":5,"column":23}},{"start":{"line":4,"column":8},"end":{"line":5,"column":23}}],"line":4}},"s":{"0":1,"1":1,"2":1,"3":2,"4":1,"5":1,"6":1},"f":{"0":1},"b":{"0":[1,1]},"_coverageSchema":"1a1c01bbd47fc00a2c39e90264f33305004495a9","hash":"1af40e3c64802b1093b3663d705f87495dd18c8b"}
,"C:\\OpenServer\\domains\\js-homework\\src\\array\\03_findMaxIndexElemArray.js": {"path":"C:\\OpenServer\\domains\\js-homework\\src\\array\\03_findMaxIndexElemArray.js","statementMap":{"0":{"start":{"line":2,"column":14},"end":{"line":2,"column":22}},"1":{"start":{"line":3,"column":15},"end":{"line":3,"column":16}},"2":{"start":{"line":4,"column":4},"end":{"line":9,"column":5}},"3":{"start":{"line":4,"column":17},"end":{"line":4,"column":18}},"4":{"start":{"line":5,"column":8},"end":{"line":8,"column":9}},"5":{"start":{"line":6,"column":12},"end":{"line":6,"column":27}},"6":{"start":{"line":7,"column":12},"end":{"line":7,"column":21}},"7":{"start":{"line":10,"column":4},"end":{"line":10,"column":16}},"8":{"start":{"line":13,"column":0},"end":{"line":13,"column":42}}},"fnMap":{"0":{"name":"findMaxIndexElemArray","decl":{"start":{"line":1,"column":9},"end":{"line":1,"column":30}},"loc":{"start":{"line":1,"column":38},"end":{"line":11,"column":1}},"line":1}},"branchMap":{"0":{"loc":{"start":{"line":5,"column":8},"end":{"line":8,"column":9}},"type":"if","locations":[{"start":{"line":5,"column":8},"end":{"line":8,"column":9}},{"start":{"line":5,"column":8},"end":{"line":8,"column":9}}],"line":5}},"s":{"0":1,"1":1,"2":1,"3":1,"4":8,"5":1,"6":1,"7":1,"8":1},"f":{"0":1},"b":{"0":[1,7]},"_coverageSchema":"1a1c01bbd47fc00a2c39e90264f33305004495a9","hash":"fafd7af8fc5f65abd5f79ce569502aca4f71a706"}
,"C:\\OpenServer\\domains\\js-homework\\src\\array\\04_findMinIndexArray.js": {"path":"C:\\OpenServer\\domains\\js-homework\\src\\array\\04_findMinIndexArray.js","statementMap":{"0":{"start":{"line":2,"column":14},"end":{"line":2,"column":22}},"1":{"start":{"line":3,"column":15},"end":{"line":3,"column":16}},"2":{"start":{"line":4,"column":4},"end":{"line":9,"column":5}},"3":{"start":{"line":4,"column":17},"end":{"line":4,"column":18}},"4":{"start":{"line":5,"column":8},"end":{"line":8,"column":9}},"5":{"start":{"line":6,"column":12},"end":{"line":6,"column":27}},"6":{"start":{"line":7,"column":12},"end":{"line":7,"column":21}},"7":{"start":{"line":10,"column":4},"end":{"line":10,"column":16}},"8":{"start":{"line":13,"column":0},"end":{"line":13,"column":38}}},"fnMap":{"0":{"name":"findMinIndexArray","decl":{"start":{"line":1,"column":9},"end":{"line":1,"column":26}},"loc":{"start":{"line":1,"column":34},"end":{"line":11,"column":1}},"line":1}},"branchMap":{"0":{"loc":{"start":{"line":5,"column":8},"end":{"line":8,"column":9}},"type":"if","locations":[{"start":{"line":5,"column":8},"end":{"line":8,"column":9}},{"start":{"line":5,"column":8},"end":{"line":8,"column":9}}],"line":5}},"s":{"0":1,"1":1,"2":1,"3":1,"4":8,"5":1,"6":1,"7":1,"8":1},"f":{"0":1},"b":{"0":[1,7]},"_coverageSchema":"1a1c01bbd47fc00a2c39e90264f33305004495a9","hash":"af71eea9e648da500319a79fdf49fe9964edf7b3"}
,"C:\\OpenServer\\domains\\js-homework\\src\\array\\05_calcSumOddArray.js": {"path":"C:\\OpenServer\\domains\\js-homework\\src\\array\\05_calcSumOddArray.js","statementMap":{"0":{"start":{"line":2,"column":18},"end":{"line":2,"column":19}},"1":{"start":{"line":3,"column":4},"end":{"line":7,"column":5}},"2":{"start":{"line":3,"column":17},"end":{"line":3,"column":18}},"3":{"start":{"line":4,"column":8},"end":{"line":6,"column":9}},"4":{"start":{"line":5,"column":12},"end":{"line":5,"column":32}},"5":{"start":{"line":8,"column":4},"end":{"line":8,"column":19}},"6":{"start":{"line":11,"column":0},"end":{"line":11,"column":36}}},"fnMap":{"0":{"name":"calcSumOddArray","decl":{"start":{"line":1,"column":9},"end":{"line":1,"column":24}},"loc":{"start":{"line":1,"column":32},"end":{"line":9,"column":1}},"line":1}},"branchMap":{"0":{"loc":{"start":{"line":4,"column":8},"end":{"line":6,"column":9}},"type":"if","locations":[{"start":{"line":4,"column":8},"end":{"line":6,"column":9}},{"start":{"line":4,"column":8},"end":{"line":6,"column":9}}],"line":4}},"s":{"0":1,"1":1,"2":1,"3":8,"4":4,"5":1,"6":1},"f":{"0":1},"b":{"0":[4,4]},"_coverageSchema":"1a1c01bbd47fc00a2c39e90264f33305004495a9","hash":"8fec73aad99fd0e137b1257de4250627e967a4f1"}
,"C:\\OpenServer\\domains\\js-homework\\src\\array\\06_reversArray.js": {"path":"C:\\OpenServer\\domains\\js-homework\\src\\array\\06_reversArray.js","statementMap":{"0":{"start":{"line":2,"column":24},"end":{"line":2,"column":35}},"1":{"start":{"line":3,"column":21},"end":{"line":3,"column":37}},"2":{"start":{"line":4,"column":4},"end":{"line":7,"column":5}},"3":{"start":{"line":4,"column":17},"end":{"line":4,"column":18}},"4":{"start":{"line":5,"column":8},"end":{"line":5,"column":45}},"5":{"start":{"line":6,"column":8},"end":{"line":6,"column":34}},"6":{"start":{"line":8,"column":4},"end":{"line":8,"column":23}},"7":{"start":{"line":11,"column":0},"end":{"line":11,"column":32}}},"fnMap":{"0":{"name":"reversArray","decl":{"start":{"line":1,"column":9},"end":{"line":1,"column":20}},"loc":{"start":{"line":1,"column":28},"end":{"line":9,"column":1}},"line":1}},"branchMap":{},"s":{"0":0,"1":0,"2":0,"3":0,"4":0,"5":0,"6":0,"7":1},"f":{"0":0},"b":{},"_coverageSchema":"1a1c01bbd47fc00a2c39e90264f33305004495a9","hash":"1b966a30f02048482fcf4b06f5ad6368637d5a18"}
,"C:\\OpenServer\\domains\\js-homework\\src\\array\\07_reversPartArray.js": {"path":"C:\\OpenServer\\domains\\js-homework\\src\\array\\07_reversPartArray.js","statementMap":{"0":{"start":{"line":3,"column":21},"end":{"line":3,"column":23}},"1":{"start":{"line":4,"column":4},"end":{"line":35,"column":5}},"2":{"start":{"line":4,"column":17},"end":{"line":4,"column":18}},"3":{"start":{"line":5,"column":8},"end":{"line":34,"column":9}},"4":{"start":{"line":7,"column":24},"end":{"line":7,"column":40}},"5":{"start":{"line":8,"column":12},"end":{"line":13,"column":13}},"6":{"start":{"line":9,"column":16},"end":{"line":12,"column":17}},"7":{"start":{"line":9,"column":29},"end":{"line":9,"column":30}},"8":{"start":{"line":10,"column":32},"end":{"line":10,"column":40}},"9":{"start":{"line":11,"column":20},"end":{"line":11,"column":48}},"10":{"start":{"line":14,"column":12},"end":{"line":17,"column":13}},"11":{"start":{"line":15,"column":29},"end":{"line":15,"column":45}},"12":{"start":{"line":16,"column":16},"end":{"line":16,"column":37}},"13":{"start":{"line":20,"column":28},"end":{"line":20,"column":56}},"14":{"start":{"line":21,"column":12},"end":{"line":23,"column":13}},"15":{"start":{"line":22,"column":16},"end":{"line":22,"column":55}},"16":{"start":{"line":24,"column":12},"end":{"line":29,"column":13}},"17":{"start":{"line":25,"column":16},"end":{"line":28,"column":17}},"18":{"start":{"line":26,"column":36},"end":{"line":26,"column":44}},"19":{"start":{"line":27,"column":20},"end":{"line":27,"column":56}},"20":{"start":{"line":30,"column":12},"end":{"line":33,"column":13}},"21":{"start":{"line":31,"column":33},"end":{"line":31,"column":53}},"22":{"start":{"line":32,"column":16},"end":{"line":32,"column":41}},"23":{"start":{"line":36,"column":4},"end":{"line":36,"column":20}},"24":{"start":{"line":39,"column":0},"end":{"line":39,"column":36}}},"fnMap":{"0":{"name":"reversPartArray","decl":{"start":{"line":2,"column":9},"end":{"line":2,"column":24}},"loc":{"start":{"line":2,"column":32},"end":{"line":37,"column":1}},"line":2}},"branchMap":{"0":{"loc":{"start":{"line":5,"column":8},"end":{"line":34,"column":9}},"type":"if","locations":[{"start":{"line":5,"column":8},"end":{"line":34,"column":9}},{"start":{"line":5,"column":8},"end":{"line":34,"column":9}}],"line":5},"1":{"loc":{"start":{"line":8,"column":12},"end":{"line":13,"column":13}},"type":"if","locations":[{"start":{"line":8,"column":12},"end":{"line":13,"column":13}},{"start":{"line":8,"column":12},"end":{"line":13,"column":13}}],"line":8},"2":{"loc":{"start":{"line":14,"column":12},"end":{"line":17,"column":13}},"type":"if","locations":[{"start":{"line":14,"column":12},"end":{"line":17,"column":13}},{"start":{"line":14,"column":12},"end":{"line":17,"column":13}}],"line":14},"3":{"loc":{"start":{"line":21,"column":12},"end":{"line":23,"column":13}},"type":"if","locations":[{"start":{"line":21,"column":12},"end":{"line":23,"column":13}},{"start":{"line":21,"column":12},"end":{"line":23,"column":13}}],"line":21},"4":{"loc":{"start":{"line":24,"column":12},"end":{"line":29,"column":13}},"type":"if","locations":[{"start":{"line":24,"column":12},"end":{"line":29,"column":13}},{"start":{"line":24,"column":12},"end":{"line":29,"column":13}}],"line":24},"5":{"loc":{"start":{"line":30,"column":12},"end":{"line":33,"column":13}},"type":"if","locations":[{"start":{"line":30,"column":12},"end":{"line":33,"column":13}},{"start":{"line":30,"column":12},"end":{"line":33,"column":13}}],"line":30}},"s":{"0":0,"1":0,"2":0,"3":0,"4":0,"5":0,"6":0,"7":0,"8":0,"9":0,"10":0,"11":0,"12":0,"13":0,"14":0,"15":0,"16":0,"17":0,"18":0,"19":0,"20":0,"21":0,"22":0,"23":0,"24":1},"f":{"0":0},"b":{"0":[0,0],"1":[0,0],"2":[0,0],"3":[0,0],"4":[0,0],"5":[0,0]},"_coverageSchema":"1a1c01bbd47fc00a2c39e90264f33305004495a9","hash":"e79b600bd73e6f6c32585893be3213a02f75e8ca"}
,"C:\\OpenServer\\domains\\js-homework\\src\\array\\08_metodSelect.js": {"path":"C:\\OpenServer\\domains\\js-homework\\src\\array\\08_metodSelect.js","statementMap":{"0":{"start":{"line":2,"column":4},"end":{"line":15,"column":9}},"1":{"start":{"line":2,"column":17},"end":{"line":2,"column":18}},"2":{"start":{"line":4,"column":28},"end":{"line":4,"column":29}},"3":{"start":{"line":6,"column":12},"end":{"line":10,"column":13}},"4":{"start":{"line":6,"column":25},"end":{"line":6,"column":30}},"5":{"start":{"line":7,"column":16},"end":{"line":9,"column":17}},"6":{"start":{"line":8,"column":20},"end":{"line":8,"column":30}},"7":{"start":{"line":12,"column":23},"end":{"line":12,"column":31}},"8":{"start":{"line":13,"column":12},"end":{"line":13,"column":36}},"9":{"start":{"line":14,"column":12},"end":{"line":14,"column":32}},"10":{"start":{"line":16,"column":4},"end":{"line":16,"column":17}},"11":{"start":{"line":19,"column":0},"end":{"line":19,"column":31}}},"fnMap":{"0":{"name":"sortSelect","decl":{"start":{"line":1,"column":9},"end":{"line":1,"column":19}},"loc":{"start":{"line":1,"column":27},"end":{"line":17,"column":1}},"line":1}},"branchMap":{"0":{"loc":{"start":{"line":7,"column":16},"end":{"line":9,"column":17}},"type":"if","locations":[{"start":{"line":7,"column":16},"end":{"line":9,"column":17}},{"start":{"line":7,"column":16},"end":{"line":9,"column":17}}],"line":7}},"s":{"0":0,"1":0,"2":0,"3":0,"4":0,"5":0,"6":0,"7":0,"8":0,"9":0,"10":0,"11":1},"f":{"0":0},"b":{"0":[0,0]},"_coverageSchema":"1a1c01bbd47fc00a2c39e90264f33305004495a9","hash":"ee30ae101332f49a0c430603e0d512241a15ec73"}
,"C:\\OpenServer\\domains\\js-homework\\src\\array\\09_getWeekDay.js": {"path":"C:\\OpenServer\\domains\\js-homework\\src\\array\\09_getWeekDay.js","statementMap":{"0":{"start":{"line":3,"column":4},"end":{"line":28,"column":5}},"1":{"start":{"line":5,"column":12},"end":{"line":5,"column":35}},"2":{"start":{"line":6,"column":12},"end":{"line":6,"column":18}},"3":{"start":{"line":8,"column":12},"end":{"line":8,"column":31}},"4":{"start":{"line":9,"column":12},"end":{"line":9,"column":18}},"5":{"start":{"line":11,"column":12},"end":{"line":11,"column":29}},"6":{"start":{"line":12,"column":12},"end":{"line":12,"column":18}},"7":{"start":{"line":14,"column":12},"end":{"line":14,"column":31}},"8":{"start":{"line":15,"column":12},"end":{"line":15,"column":18}},"9":{"start":{"line":17,"column":12},"end":{"line":17,"column":31}},"10":{"start":{"line":18,"column":12},"end":{"line":18,"column":18}},"11":{"start":{"line":20,"column":12},"end":{"line":20,"column":31}},"12":{"start":{"line":21,"column":12},"end":{"line":21,"column":18}},"13":{"start":{"line":23,"column":12},"end":{"line":23,"column":35}},"14":{"start":{"line":24,"column":12},"end":{"line":24,"column":18}},"15":{"start":{"line":27,"column":12},"end":{"line":27,"column":42}},"16":{"start":{"line":29,"column":4},"end":{"line":29,"column":18}},"17":{"start":{"line":32,"column":0},"end":{"line":32,"column":31}}},"fnMap":{"0":{"name":"getWeekDay","decl":{"start":{"line":1,"column":9},"end":{"line":1,"column":19}},"loc":{"start":{"line":1,"column":25},"end":{"line":30,"column":1}},"line":1}},"branchMap":{"0":{"loc":{"start":{"line":3,"column":4},"end":{"line":28,"column":5}},"type":"switch","locations":[{"start":{"line":4,"column":8},"end":{"line":6,"column":18}},{"start":{"line":7,"column":8},"end":{"line":9,"column":18}},{"start":{"line":10,"column":8},"end":{"line":12,"column":18}},{"start":{"line":13,"column":8},"end":{"line":15,"column":18}},{"start":{"line":16,"column":8},"end":{"line":18,"column":18}},{"start":{"line":19,"column":8},"end":{"line":21,"column":18}},{"start":{"line":22,"column":8},"end":{"line":24,"column":18}},{"start":{"line":26,"column":8},"end":{"line":27,"column":42}}],"line":3}},"s":{"0":8,"1":1,"2":1,"3":1,"4":1,"5":1,"6":1,"7":1,"8":1,"9":1,"10":1,"11":1,"12":1,"13":1,"14":1,"15":1,"16":8,"17":1},"f":{"0":8},"b":{"0":[1,1,1,1,1,1,1,1]},"_coverageSchema":"1a1c01bbd47fc00a2c39e90264f33305004495a9","hash":"55898dca6771b78dd5090cb445ecaa4a6f71b513"}
,"C:\\OpenServer\\domains\\js-homework\\src\\condition\\01_calcNum.js": {"path":"C:\\OpenServer\\domains\\js-homework\\src\\condition\\01_calcNum.js","statementMap":{"0":{"start":{"line":2,"column":4},"end":{"line":7,"column":5}},"1":{"start":{"line":3,"column":8},"end":{"line":3,"column":21}},"2":{"start":{"line":6,"column":8},"end":{"line":6,"column":21}},"3":{"start":{"line":10,"column":0},"end":{"line":10,"column":28}}},"fnMap":{"0":{"name":"calcNum","decl":{"start":{"line":1,"column":9},"end":{"line":1,"column":16}},"loc":{"start":{"line":1,"column":23},"end":{"line":8,"column":1}},"line":1}},"branchMap":{"0":{"loc":{"start":{"line":2,"column":4},"end":{"line":7,"column":5}},"type":"if","locations":[{"start":{"line":2,"column":4},"end":{"line":7,"column":5}},{"start":{"line":2,"column":4},"end":{"line":7,"column":5}}],"line":2}},"s":{"0":1,"1":1,"2":0,"3":1},"f":{"0":1},"b":{"0":[1,0]},"_coverageSchema":"1a1c01bbd47fc00a2c39e90264f33305004495a9","hash":"3361ec5a0d9befadc66191e45e2ce5a6142199b4"}
,"C:\\OpenServer\\domains\\js-homework\\src\\condition\\02_pointCoordinate.js": {"path":"C:\\OpenServer\\domains\\js-homework\\src\\condition\\02_pointCoordinate.js","statementMap":{"0":{"start":{"line":2,"column":4},"end":{"line":16,"column":5}},"1":{"start":{"line":3,"column":8},"end":{"line":3,"column":51}},"2":{"start":{"line":5,"column":9},"end":{"line":16,"column":5}},"3":{"start":{"line":6,"column":8},"end":{"line":6,"column":51}},"4":{"start":{"line":8,"column":9},"end":{"line":16,"column":5}},"5":{"start":{"line":9,"column":8},"end":{"line":9,"column":59}},"6":{"start":{"line":11,"column":9},"end":{"line":16,"column":5}},"7":{"start":{"line":12,"column":8},"end":{"line":12,"column":54}},"8":{"start":{"line":15,"column":8},"end":{"line":15,"column":61}},"9":{"start":{"line":19,"column":0},"end":{"line":19,"column":36}}},"fnMap":{"0":{"name":"pointCoordinate","decl":{"start":{"line":1,"column":9},"end":{"line":1,"column":24}},"loc":{"start":{"line":1,"column":31},"end":{"line":17,"column":1}},"line":1}},"branchMap":{"0":{"loc":{"start":{"line":2,"column":4},"end":{"line":16,"column":5}},"type":"if","locations":[{"start":{"line":2,"column":4},"end":{"line":16,"column":5}},{"start":{"line":2,"column":4},"end":{"line":16,"column":5}}],"line":2},"1":{"loc":{"start":{"line":2,"column":8},"end":{"line":2,"column":22}},"type":"binary-expr","locations":[{"start":{"line":2,"column":8},"end":{"line":2,"column":13}},{"start":{"line":2,"column":17},"end":{"line":2,"column":22}}],"line":2},"2":{"loc":{"start":{"line":5,"column":9},"end":{"line":16,"column":5}},"type":"if","locations":[{"start":{"line":5,"column":9},"end":{"line":16,"column":5}},{"start":{"line":5,"column":9},"end":{"line":16,"column":5}}],"line":5},"3":{"loc":{"start":{"line":5,"column":13},"end":{"line":5,"column":27}},"type":"binary-expr","locations":[{"start":{"line":5,"column":13},"end":{"line":5,"column":18}},{"start":{"line":5,"column":22},"end":{"line":5,"column":27}}],"line":5},"4":{"loc":{"start":{"line":8,"column":9},"end":{"line":16,"column":5}},"type":"if","locations":[{"start":{"line":8,"column":9},"end":{"line":16,"column":5}},{"start":{"line":8,"column":9},"end":{"line":16,"column":5}}],"line":8},"5":{"loc":{"start":{"line":8,"column":13},"end":{"line":8,"column":27}},"type":"binary-expr","locations":[{"start":{"line":8,"column":13},"end":{"line":8,"column":18}},{"start":{"line":8,"column":22},"end":{"line":8,"column":27}}],"line":8},"6":{"loc":{"start":{"line":11,"column":9},"end":{"line":16,"column":5}},"type":"if","locations":[{"start":{"line":11,"column":9},"end":{"line":16,"column":5}},{"start":{"line":11,"column":9},"end":{"line":16,"column":5}}],"line":11},"7":{"loc":{"start":{"line":11,"column":13},"end":{"line":11,"column":29}},"type":"binary-expr","locations":[{"start":{"line":11,"column":13},"end":{"line":11,"column":19}},{"start":{"line":11,"column":23},"end":{"line":11,"column":29}}],"line":11}},"s":{"0":1,"1":0,"2":1,"3":1,"4":0,"5":0,"6":0,"7":0,"8":0,"9":1},"f":{"0":1},"b":{"0":[0,1],"1":[1,0],"2":[1,0],"3":[1,1],"4":[0,0],"5":[0,0],"6":[0,0],"7":[0,0]},"_coverageSchema":"1a1c01bbd47fc00a2c39e90264f33305004495a9","hash":"c9155b2e0772355cc7017c3bfdf6f88465229f0a"}
,"C:\\OpenServer\\domains\\js-homework\\src\\condition\\03_sumPositiveNum.js": {"path":"C:\\OpenServer\\domains\\js-homework\\src\\condition\\03_sumPositiveNum.js","statementMap":{"0":{"start":{"line":2,"column":4},"end":{"line":4,"column":5}},"1":{"start":{"line":3,"column":8},"end":{"line":3,"column":14}},"2":{"start":{"line":5,"column":4},"end":{"line":7,"column":5}},"3":{"start":{"line":6,"column":8},"end":{"line":6,"column":14}},"4":{"start":{"line":8,"column":4},"end":{"line":10,"column":5}},"5":{"start":{"line":9,"column":8},"end":{"line":9,"column":14}},"6":{"start":{"line":11,"column":4},"end":{"line":11,"column":21}},"7":{"start":{"line":15,"column":0},"end":{"line":15,"column":35}}},"fnMap":{"0":{"name":"sumPositiveNum","decl":{"start":{"line":1,"column":9},"end":{"line":1,"column":23}},"loc":{"start":{"line":1,"column":33},"end":{"line":12,"column":1}},"line":1}},"branchMap":{"0":{"loc":{"start":{"line":2,"column":4},"end":{"line":4,"column":5}},"type":"if","locations":[{"start":{"line":2,"column":4},"end":{"line":4,"column":5}},{"start":{"line":2,"column":4},"end":{"line":4,"column":5}}],"line":2},"1":{"loc":{"start":{"line":5,"column":4},"end":{"line":7,"column":5}},"type":"if","locations":[{"start":{"line":5,"column":4},"end":{"line":7,"column":5}},{"start":{"line":5,"column":4},"end":{"line":7,"column":5}}],"line":5},"2":{"loc":{"start":{"line":8,"column":4},"end":{"line":10,"column":5}},"type":"if","locations":[{"start":{"line":8,"column":4},"end":{"line":10,"column":5}},{"start":{"line":8,"column":4},"end":{"line":10,"column":5}}],"line":8}},"s":{"0":1,"1":1,"2":1,"3":0,"4":1,"5":0,"6":1,"7":1},"f":{"0":1},"b":{"0":[1,0],"1":[0,1],"2":[0,1]},"_coverageSchema":"1a1c01bbd47fc00a2c39e90264f33305004495a9","hash":"7e79264f5cec888807e663883761e586bd0b69da"}
,"C:\\OpenServer\\domains\\js-homework\\src\\condition\\04_calcExpression.js": {"path":"C:\\OpenServer\\domains\\js-homework\\src\\condition\\04_calcExpression.js","statementMap":{"0":{"start":{"line":9,"column":4},"end":{"line":9,"column":50}},"1":{"start":{"line":12,"column":0},"end":{"line":12,"column":35}}},"fnMap":{"0":{"name":"calcExpression","decl":{"start":{"line":8,"column":9},"end":{"line":8,"column":23}},"loc":{"start":{"line":8,"column":33},"end":{"line":10,"column":1}},"line":8}},"branchMap":{},"s":{"0":1,"1":1},"f":{"0":1},"b":{},"_coverageSchema":"1a1c01bbd47fc00a2c39e90264f33305004495a9","hash":"23c44d6c419fbc14806b15ddce5dcb80b9a06618"}
,"C:\\OpenServer\\domains\\js-homework\\src\\condition\\05_showRating.js": {"path":"C:\\OpenServer\\domains\\js-homework\\src\\condition\\05_showRating.js","statementMap":{"0":{"start":{"line":2,"column":4},"end":{"line":22,"column":5}},"1":{"start":{"line":3,"column":8},"end":{"line":3,"column":35}},"2":{"start":{"line":5,"column":9},"end":{"line":22,"column":5}},"3":{"start":{"line":6,"column":8},"end":{"line":6,"column":19}},"4":{"start":{"line":8,"column":9},"end":{"line":22,"column":5}},"5":{"start":{"line":9,"column":8},"end":{"line":9,"column":19}},"6":{"start":{"line":11,"column":9},"end":{"line":22,"column":5}},"7":{"start":{"line":12,"column":8},"end":{"line":12,"column":19}},"8":{"start":{"line":14,"column":9},"end":{"line":22,"column":5}},"9":{"start":{"line":15,"column":8},"end":{"line":15,"column":19}},"10":{"start":{"line":17,"column":9},"end":{"line":22,"column":5}},"11":{"start":{"line":18,"column":8},"end":{"line":18,"column":19}},"12":{"start":{"line":20,"column":9},"end":{"line":22,"column":5}},"13":{"start":{"line":21,"column":8},"end":{"line":21,"column":19}},"14":{"start":{"line":25,"column":0},"end":{"line":25,"column":31}}},"fnMap":{"0":{"name":"showRating","decl":{"start":{"line":1,"column":9},"end":{"line":1,"column":19}},"loc":{"start":{"line":1,"column":26},"end":{"line":23,"column":1}},"line":1}},"branchMap":{"0":{"loc":{"start":{"line":2,"column":4},"end":{"line":22,"column":5}},"type":"if","locations":[{"start":{"line":2,"column":4},"end":{"line":22,"column":5}},{"start":{"line":2,"column":4},"end":{"line":22,"column":5}}],"line":2},"1":{"loc":{"start":{"line":2,"column":8},"end":{"line":2,"column":30}},"type":"binary-expr","locations":[{"start":{"line":2,"column":8},"end":{"line":2,"column":16}},{"start":{"line":2,"column":20},"end":{"line":2,"column":30}}],"line":2},"2":{"loc":{"start":{"line":5,"column":9},"end":{"line":22,"column":5}},"type":"if","locations":[{"start":{"line":5,"column":9},"end":{"line":22,"column":5}},{"start":{"line":5,"column":9},"end":{"line":22,"column":5}}],"line":5},"3":{"loc":{"start":{"line":5,"column":13},"end":{"line":5,"column":36}},"type":"binary-expr","locations":[{"start":{"line":5,"column":13},"end":{"line":5,"column":23}},{"start":{"line":5,"column":27},"end":{"line":5,"column":36}}],"line":5},"4":{"loc":{"start":{"line":8,"column":9},"end":{"line":22,"column":5}},"type":"if","locations":[{"start":{"line":8,"column":9},"end":{"line":22,"column":5}},{"start":{"line":8,"column":9},"end":{"line":22,"column":5}}],"line":8},"5":{"loc":{"start":{"line":8,"column":13},"end":{"line":8,"column":37}},"type":"binary-expr","locations":[{"start":{"line":8,"column":13},"end":{"line":8,"column":23}},{"start":{"line":8,"column":27},"end":{"line":8,"column":37}}],"line":8},"6":{"loc":{"start":{"line":11,"column":9},"end":{"line":22,"column":5}},"type":"if","locations":[{"start":{"line":11,"column":9},"end":{"line":22,"column":5}},{"start":{"line":11,"column":9},"end":{"line":22,"column":5}}],"line":11},"7":{"loc":{"start":{"line":11,"column":13},"end":{"line":11,"column":37}},"type":"binary-expr","locations":[{"start":{"line":11,"column":13},"end":{"line":11,"column":23}},{"start":{"line":11,"column":27},"end":{"line":11,"column":37}}],"line":11},"8":{"loc":{"start":{"line":14,"column":9},"end":{"line":22,"column":5}},"type":"if","locations":[{"start":{"line":14,"column":9},"end":{"line":22,"column":5}},{"start":{"line":14,"column":9},"end":{"line":22,"column":5}}],"line":14},"9":{"loc":{"start":{"line":14,"column":13},"end":{"line":14,"column":37}},"type":"binary-expr","locations":[{"start":{"line":14,"column":13},"end":{"line":14,"column":23}},{"start":{"line":14,"column":27},"end":{"line":14,"column":37}}],"line":14},"10":{"loc":{"start":{"line":17,"column":9},"end":{"line":22,"column":5}},"type":"if","locations":[{"start":{"line":17,"column":9},"end":{"line":22,"column":5}},{"start":{"line":17,"column":9},"end":{"line":22,"column":5}}],"line":17},"11":{"loc":{"start":{"line":17,"column":13},"end":{"line":17,"column":37}},"type":"binary-expr","locations":[{"start":{"line":17,"column":13},"end":{"line":17,"column":23}},{"start":{"line":17,"column":27},"end":{"line":17,"column":37}}],"line":17},"12":{"loc":{"start":{"line":20,"column":9},"end":{"line":22,"column":5}},"type":"if","locations":[{"start":{"line":20,"column":9},"end":{"line":22,"column":5}},{"start":{"line":20,"column":9},"end":{"line":22,"column":5}}],"line":20},"13":{"loc":{"start":{"line":20,"column":13},"end":{"line":20,"column":38}},"type":"binary-expr","locations":[{"start":{"line":20,"column":13},"end":{"line":20,"column":24}},{"start":{"line":20,"column":28},"end":{"line":20,"column":38}}],"line":20}},"s":{"0":1,"1":0,"2":1,"3":0,"4":1,"5":0,"6":1,"7":0,"8":1,"9":0,"10":1,"11":0,"12":1,"13":1,"14":1},"f":{"0":1},"b":{"0":[0,1],"1":[1,1],"2":[0,1],"3":[1,0],"4":[0,1],"5":[1,0],"6":[0,1],"7":[1,0],"8":[0,1],"9":[1,0],"10":[0,1],"11":[1,0],"12":[1,0],"13":[1,1]},"_coverageSchema":"1a1c01bbd47fc00a2c39e90264f33305004495a9","hash":"71e70d684dd1c0e82f6205d50fa106be4459f904"}
,"C:\\OpenServer\\domains\\js-homework\\src\\cycle\\01_sumNumb.js": {"path":"C:\\OpenServer\\domains\\js-homework\\src\\cycle\\01_sumNumb.js","statementMap":{"0":{"start":{"line":2,"column":14},"end":{"line":2,"column":15}},"1":{"start":{"line":3,"column":4},"end":{"line":7,"column":5}},"2":{"start":{"line":3,"column":17},"end":{"line":3,"column":18}},"3":{"start":{"line":4,"column":8},"end":{"line":6,"column":9}},"4":{"start":{"line":5,"column":12},"end":{"line":5,"column":21}},"5":{"start":{"line":8,"column":4},"end":{"line":8,"column":15}},"6":{"start":{"line":11,"column":0},"end":{"line":11,"column":28}}},"fnMap":{"0":{"name":"sumNumb","decl":{"start":{"line":1,"column":9},"end":{"line":1,"column":16}},"loc":{"start":{"line":1,"column":23},"end":{"line":9,"column":1}},"line":1}},"branchMap":{"0":{"loc":{"start":{"line":4,"column":8},"end":{"line":6,"column":9}},"type":"if","locations":[{"start":{"line":4,"column":8},"end":{"line":6,"column":9}},{"start":{"line":4,"column":8},"end":{"line":6,"column":9}}],"line":4}},"s":{"0":1,"1":1,"2":1,"3":100,"4":50,"5":1,"6":1},"f":{"0":1},"b":{"0":[50,50]},"_coverageSchema":"1a1c01bbd47fc00a2c39e90264f33305004495a9","hash":"3d340006e43ffe038e4e0059cfe118bd49048836"}
,"C:\\OpenServer\\domains\\js-homework\\src\\cycle\\02_simpleNum.js": {"path":"C:\\OpenServer\\domains\\js-homework\\src\\cycle\\02_simpleNum.js","statementMap":{"0":{"start":{"line":2,"column":4},"end":{"line":2,"column":31}},"1":{"start":{"line":2,"column":18},"end":{"line":2,"column":31}},"2":{"start":{"line":3,"column":4},"end":{"line":3,"column":46}},"3":{"start":{"line":3,"column":33},"end":{"line":3,"column":46}},"4":{"start":{"line":4,"column":14},"end":{"line":4,"column":28}},"5":{"start":{"line":5,"column":4},"end":{"line":7,"column":5}},"6":{"start":{"line":5,"column":16},"end":{"line":5,"column":17}},"7":{"start":{"line":6,"column":8},"end":{"line":6,"column":39}},"8":{"start":{"line":6,"column":26},"end":{"line":6,"column":39}},"9":{"start":{"line":8,"column":4},"end":{"line":8,"column":16}},"10":{"start":{"line":10,"column":2},"end":{"line":10,"column":32}}},"fnMap":{"0":{"name":"simpleNum","decl":{"start":{"line":1,"column":9},"end":{"line":1,"column":18}},"loc":{"start":{"line":1,"column":24},"end":{"line":9,"column":3}},"line":1}},"branchMap":{"0":{"loc":{"start":{"line":2,"column":4},"end":{"line":2,"column":31}},"type":"if","locations":[{"start":{"line":2,"column":4},"end":{"line":2,"column":31}},{"start":{"line":2,"column":4},"end":{"line":2,"column":31}}],"line":2},"1":{"loc":{"start":{"line":3,"column":4},"end":{"line":3,"column":46}},"type":"if","locations":[{"start":{"line":3,"column":4},"end":{"line":3,"column":46}},{"start":{"line":3,"column":4},"end":{"line":3,"column":46}}],"line":3},"2":{"loc":{"start":{"line":3,"column":8},"end":{"line":3,"column":31}},"type":"binary-expr","locations":[{"start":{"line":3,"column":8},"end":{"line":3,"column":20}},{"start":{"line":3,"column":24},"end":{"line":3,"column":31}}],"line":3},"3":{"loc":{"start":{"line":6,"column":8},"end":{"line":6,"column":39}},"type":"if","locations":[{"start":{"line":6,"column":8},"end":{"line":6,"column":39}},{"start":{"line":6,"column":8},"end":{"line":6,"column":39}}],"line":6}},"s":{"0":1,"1":0,"2":1,"3":0,"4":1,"5":1,"6":1,"7":4,"8":0,"9":1,"10":1},"f":{"0":1},"b":{"0":[0,1],"1":[0,1],"2":[1,0],"3":[0,4]},"_coverageSchema":"1a1c01bbd47fc00a2c39e90264f33305004495a9","hash":"282ba7a0cfeba07c6070156969d896c55ba89fcf"}
,"C:\\OpenServer\\domains\\js-homework\\src\\cycle\\03_naturNub.js": {"path":"C:\\OpenServer\\domains\\js-homework\\src\\cycle\\03_naturNub.js","statementMap":{"0":{"start":{"line":3,"column":2},"end":{"line":5,"column":3}},"1":{"start":{"line":4,"column":4},"end":{"line":4,"column":38}},"2":{"start":{"line":6,"column":2},"end":{"line":6,"column":14}},"3":{"start":{"line":8,"column":0},"end":{"line":8,"column":30}}},"fnMap":{"0":{"name":"natureNum","decl":{"start":{"line":1,"column":9},"end":{"line":1,"column":18}},"loc":{"start":{"line":1,"column":24},"end":{"line":7,"column":1}},"line":1}},"branchMap":{"0":{"loc":{"start":{"line":3,"column":2},"end":{"line":5,"column":3}},"type":"if","locations":[{"start":{"line":3,"column":2},"end":{"line":5,"column":3}},{"start":{"line":3,"column":2},"end":{"line":5,"column":3}}],"line":3}},"s":{"0":1,"1":1,"2":1,"3":1},"f":{"0":1},"b":{"0":[1,0]},"_coverageSchema":"1a1c01bbd47fc00a2c39e90264f33305004495a9","hash":"a16cfa990121a209568c9edadbb8881850f62190"}
,"C:\\OpenServer\\domains\\js-homework\\src\\cycle\\04_calcFactorial.js": {"path":"C:\\OpenServer\\domains\\js-homework\\src\\cycle\\04_calcFactorial.js","statementMap":{"0":{"start":{"line":2,"column":14},"end":{"line":2,"column":15}},"1":{"start":{"line":3,"column":2},"end":{"line":5,"column":3}},"2":{"start":{"line":3,"column":15},"end":{"line":3,"column":16}},"3":{"start":{"line":4,"column":4},"end":{"line":4,"column":28}},"4":{"start":{"line":6,"column":2},"end":{"line":6,"column":15}},"5":{"start":{"line":8,"column":0},"end":{"line":8,"column":34}}},"fnMap":{"0":{"name":"calcFactorial","decl":{"start":{"line":1,"column":9},"end":{"line":1,"column":22}},"loc":{"start":{"line":1,"column":26},"end":{"line":7,"column":1}},"line":1}},"branchMap":{},"s":{"0":1,"1":1,"2":1,"3":5,"4":1,"5":1},"f":{"0":1},"b":{},"_coverageSchema":"1a1c01bbd47fc00a2c39e90264f33305004495a9","hash":"58cd6e2b0c0eddea34204bf020808a5ba21d0c5e"}
,"C:\\OpenServer\\domains\\js-homework\\src\\cycle\\05_calcSumNumbers.js": {"path":"C:\\OpenServer\\domains\\js-homework\\src\\cycle\\05_calcSumNumbers.js","statementMap":{"0":{"start":{"line":2,"column":14},"end":{"line":2,"column":15}},"1":{"start":{"line":3,"column":4},"end":{"line":6,"column":5}},"2":{"start":{"line":4,"column":8},"end":{"line":4,"column":22}},"3":{"start":{"line":5,"column":8},"end":{"line":5,"column":31}},"4":{"start":{"line":7,"column":4},"end":{"line":7,"column":15}},"5":{"start":{"line":10,"column":0},"end":{"line":10,"column":35}}},"fnMap":{"0":{"name":"calcSumNumbers","decl":{"start":{"line":1,"column":9},"end":{"line":1,"column":23}},"loc":{"start":{"line":1,"column":27},"end":{"line":8,"column":1}},"line":1}},"branchMap":{},"s":{"0":1,"1":1,"2":6,"3":6,"4":1,"5":1},"f":{"0":1},"b":{},"_coverageSchema":"1a1c01bbd47fc00a2c39e90264f33305004495a9","hash":"a19172e9dd6f5138d549b30148805de7f36153c3"}
,"C:\\OpenServer\\domains\\js-homework\\src\\cycle\\06_showRevers.js": {"path":"C:\\OpenServer\\domains\\js-homework\\src\\cycle\\06_showRevers.js","statementMap":{"0":{"start":{"line":2,"column":17},"end":{"line":2,"column":18}},"1":{"start":{"line":3,"column":4},"end":{"line":7,"column":5}},"2":{"start":{"line":4,"column":8},"end":{"line":4,"column":21}},"3":{"start":{"line":5,"column":8},"end":{"line":5,"column":25}},"4":{"start":{"line":6,"column":8},"end":{"line":6,"column":31}},"5":{"start":{"line":8,"column":4},"end":{"line":8,"column":18}},"6":{"start":{"line":10,"column":0},"end":{"line":10,"column":31}}},"fnMap":{"0":{"name":"showRevers","decl":{"start":{"line":1,"column":9},"end":{"line":1,"column":19}},"loc":{"start":{"line":1,"column":23},"end":{"line":9,"column":1}},"line":1}},"branchMap":{},"s":{"0":1,"1":1,"2":6,"3":6,"4":6,"5":1,"6":1},"f":{"0":1},"b":{},"_coverageSchema":"1a1c01bbd47fc00a2c39e90264f33305004495a9","hash":"fa3f7e3a3936feb4ed58274e32a5a66d097cb964"}
,"C:\\OpenServer\\domains\\js-homework\\src\\function\\01_changeNumToWord.js": {"path":"C:\\OpenServer\\domains\\js-homework\\src\\function\\01_changeNumToWord.js","statementMap":{"0":{"start":{"line":2,"column":4},"end":{"line":43,"column":5}},"1":{"start":{"line":3,"column":21},"end":{"line":3,"column":23}},"2":{"start":{"line":4,"column":19},"end":{"line":4,"column":25}},"3":{"start":{"line":5,"column":8},"end":{"line":41,"column":9}},"4":{"start":{"line":6,"column":12},"end":{"line":6,"column":30}},"5":{"start":{"line":8,"column":30},"end":{"line":13,"column":13}},"6":{"start":{"line":14,"column":25},"end":{"line":17,"column":13}},"7":{"start":{"line":18,"column":29},"end":{"line":21,"column":13}},"8":{"start":{"line":22,"column":28},"end":{"line":22,"column":49}},"9":{"start":{"line":23,"column":12},"end":{"line":25,"column":13}},"10":{"start":{"line":24,"column":16},"end":{"line":24,"column":53}},"11":{"start":{"line":27,"column":12},"end":{"line":40,"column":13}},"12":{"start":{"line":28,"column":16},"end":{"line":28,"column":44}},"13":{"start":{"line":32,"column":29},"end":{"line":32,"column":57}},"14":{"start":{"line":33,"column":16},"end":{"line":35,"column":17}},"15":{"start":{"line":34,"column":20},"end":{"line":34,"column":50}},"16":{"start":{"line":37,"column":34},"end":{"line":37,"column":54}},"17":{"start":{"line":38,"column":16},"end":{"line":38,"column":52}},"18":{"start":{"line":42,"column":8},"end":{"line":42,"column":32}},"19":{"start":{"line":45,"column":0},"end":{"line":45,"column":36}}},"fnMap":{"0":{"name":"changeNumToWord","decl":{"start":{"line":1,"column":9},"end":{"line":1,"column":24}},"loc":{"start":{"line":1,"column":30},"end":{"line":44,"column":1}},"line":1}},"branchMap":{"0":{"loc":{"start":{"line":2,"column":4},"end":{"line":43,"column":5}},"type":"if","locations":[{"start":{"line":2,"column":4},"end":{"line":43,"column":5}},{"start":{"line":2,"column":4},"end":{"line":43,"column":5}}],"line":2},"1":{"loc":{"start":{"line":5,"column":8},"end":{"line":41,"column":9}},"type":"if","locations":[{"start":{"line":5,"column":8},"end":{"line":41,"column":9}},{"start":{"line":5,"column":8},"end":{"line":41,"column":9}}],"line":5},"2":{"loc":{"start":{"line":23,"column":12},"end":{"line":25,"column":13}},"type":"if","locations":[{"start":{"line":23,"column":12},"end":{"line":25,"column":13}},{"start":{"line":23,"column":12},"end":{"line":25,"column":13}}],"line":23},"3":{"loc":{"start":{"line":27,"column":12},"end":{"line":40,"column":13}},"type":"if","locations":[{"start":{"line":27,"column":12},"end":{"line":40,"column":13}},{"start":{"line":27,"column":12},"end":{"line":40,"column":13}}],"line":27},"4":{"loc":{"start":{"line":33,"column":16},"end":{"line":35,"column":17}},"type":"if","locations":[{"start":{"line":33,"column":16},"end":{"line":35,"column":17}},{"start":{"line":33,"column":16},"end":{"line":35,"column":17}}],"line":33}},"s":{"0":3,"1":3,"2":3,"3":3,"4":0,"5":3,"6":3,"7":3,"8":3,"9":3,"10":1,"11":3,"12":1,"13":2,"14":2,"15":1,"16":2,"17":2,"18":3,"19":1},"f":{"0":3},"b":{"0":[3,0],"1":[0,3],"2":[1,2],"3":[1,2],"4":[1,1]},"_coverageSchema":"1a1c01bbd47fc00a2c39e90264f33305004495a9","hash":"4fab667f6536243dd59cf33d091d1904e898fa30"}
,"C:\\OpenServer\\domains\\js-homework\\src\\function\\02_calcDistance.js": {"path":"C:\\OpenServer\\domains\\js-homework\\src\\function\\02_calcDistance.js","statementMap":{"0":{"start":{"line":2,"column":21},"end":{"line":2,"column":79}},"1":{"start":{"line":3,"column":4},"end":{"line":3,"column":20}},"2":{"start":{"line":6,"column":0},"end":{"line":6,"column":33}}},"fnMap":{"0":{"name":"calcDistance","decl":{"start":{"line":1,"column":9},"end":{"line":1,"column":21}},"loc":{"start":{"line":1,"column":38},"end":{"line":4,"column":1}},"line":1}},"branchMap":{},"s":{"0":1,"1":1,"2":1},"f":{"0":1},"b":{},"_coverageSchema":"1a1c01bbd47fc00a2c39e90264f33305004495a9","hash":"c38fbf0517a701203d96d162b4a53fd8b2a50be1"}
,"C:\\OpenServer\\domains\\js-homework\\src\\function\\03_changeWordToNum999.js": {"path":"C:\\OpenServer\\domains\\js-homework\\src\\function\\03_changeWordToNum999.js","statementMap":{"0":{"start":{"line":2,"column":16},"end":{"line":2,"column":30}},"1":{"start":{"line":3,"column":17},"end":{"line":3,"column":19}},"2":{"start":{"line":6,"column":15},"end":{"line":6,"column":16}},"3":{"start":{"line":7,"column":4},"end":{"line":98,"column":5}},"4":{"start":{"line":8,"column":8},"end":{"line":8,"column":26}},"5":{"start":{"line":11,"column":8},"end":{"line":97,"column":9}},"6":{"start":{"line":11,"column":21},"end":{"line":11,"column":22}},"7":{"start":{"line":12,"column":28},"end":{"line":17,"column":13}},"8":{"start":{"line":18,"column":23},"end":{"line":21,"column":13}},"9":{"start":{"line":22,"column":27},"end":{"line":25,"column":13}},"10":{"start":{"line":32,"column":12},"end":{"line":36,"column":13}},"11":{"start":{"line":32,"column":25},"end":{"line":32,"column":26}},"12":{"start":{"line":33,"column":16},"end":{"line":35,"column":17}},"13":{"start":{"line":34,"column":20},"end":{"line":34,"column":39}},"14":{"start":{"line":38,"column":12},"end":{"line":61,"column":13}},"15":{"start":{"line":38,"column":25},"end":{"line":38,"column":26}},"16":{"start":{"line":40,"column":16},"end":{"line":44,"column":17}},"17":{"start":{"line":41,"column":20},"end":{"line":43,"column":21}},"18":{"start":{"line":42,"column":24},"end":{"line":42,"column":43}},"19":{"start":{"line":46,"column":16},"end":{"line":53,"column":17}},"20":{"start":{"line":47,"column":20},"end":{"line":52,"column":21}},"21":{"start":{"line":48,"column":24},"end":{"line":48,"column":43}},"22":{"start":{"line":49,"column":24},"end":{"line":51,"column":25}},"23":{"start":{"line":50,"column":28},"end":{"line":50,"column":43}},"24":{"start":{"line":55,"column":16},"end":{"line":60,"column":17}},"25":{"start":{"line":56,"column":20},"end":{"line":59,"column":21}},"26":{"start":{"line":57,"column":24},"end":{"line":57,"column":39}},"27":{"start":{"line":58,"column":24},"end":{"line":58,"column":39}},"28":{"start":{"line":63,"column":12},"end":{"line":85,"column":13}},"29":{"start":{"line":63,"column":25},"end":{"line":63,"column":26}},"30":{"start":{"line":64,"column":16},"end":{"line":68,"column":17}},"31":{"start":{"line":65,"column":20},"end":{"line":67,"column":21}},"32":{"start":{"line":66,"column":24},"end":{"line":66,"column":39}},"33":{"start":{"line":70,"column":16},"end":{"line":77,"column":17}},"34":{"start":{"line":71,"column":20},"end":{"line":76,"column":21}},"35":{"start":{"line":72,"column":24},"end":{"line":74,"column":25}},"36":{"start":{"line":73,"column":28},"end":{"line":73,"column":43}},"37":{"start":{"line":75,"column":24},"end":{"line":75,"column":39}},"38":{"start":{"line":79,"column":16},"end":{"line":83,"column":17}},"39":{"start":{"line":80,"column":20},"end":{"line":82,"column":21}},"40":{"start":{"line":81,"column":24},"end":{"line":81,"column":39}},"41":{"start":{"line":87,"column":12},"end":{"line":95,"column":13}},"42":{"start":{"line":88,"column":16},"end":{"line":94,"column":17}},"43":{"start":{"line":88,"column":29},"end":{"line":88,"column":30}},"44":{"start":{"line":89,"column":20},"end":{"line":93,"column":21}},"45":{"start":{"line":90,"column":24},"end":{"line":90,"column":43}},"46":{"start":{"line":91,"column":24},"end":{"line":91,"column":39}},"47":{"start":{"line":92,"column":24},"end":{"line":92,"column":39}},"48":{"start":{"line":96,"column":12},"end":{"line":96,"column":45}},"49":{"start":{"line":101,"column":0},"end":{"line":101,"column":36}}},"fnMap":{"0":{"name":"changeWordToNum","decl":{"start":{"line":1,"column":9},"end":{"line":1,"column":24}},"loc":{"start":{"line":1,"column":30},"end":{"line":99,"column":1}},"line":1}},"branchMap":{"0":{"loc":{"start":{"line":7,"column":4},"end":{"line":98,"column":5}},"type":"if","locations":[{"start":{"line":7,"column":4},"end":{"line":98,"column":5}},{"start":{"line":7,"column":4},"end":{"line":98,"column":5}}],"line":7},"1":{"loc":{"start":{"line":33,"column":16},"end":{"line":35,"column":17}},"type":"if","locations":[{"start":{"line":33,"column":16},"end":{"line":35,"column":17}},{"start":{"line":33,"column":16},"end":{"line":35,"column":17}}],"line":33},"2":{"loc":{"start":{"line":40,"column":16},"end":{"line":44,"column":17}},"type":"if","locations":[{"start":{"line":40,"column":16},"end":{"line":44,"column":17}},{"start":{"line":40,"column":16},"end":{"line":44,"column":17}}],"line":40},"3":{"loc":{"start":{"line":41,"column":20},"end":{"line":43,"column":21}},"type":"if","locations":[{"start":{"line":41,"column":20},"end":{"line":43,"column":21}},{"start":{"line":41,"column":20},"end":{"line":43,"column":21}}],"line":41},"4":{"loc":{"start":{"line":46,"column":16},"end":{"line":53,"column":17}},"type":"if","locations":[{"start":{"line":46,"column":16},"end":{"line":53,"column":17}},{"start":{"line":46,"column":16},"end":{"line":53,"column":17}}],"line":46},"5":{"loc":{"start":{"line":47,"column":20},"end":{"line":52,"column":21}},"type":"if","locations":[{"start":{"line":47,"column":20},"end":{"line":52,"column":21}},{"start":{"line":47,"column":20},"end":{"line":52,"column":21}}],"line":47},"6":{"loc":{"start":{"line":49,"column":24},"end":{"line":51,"column":25}},"type":"if","locations":[{"start":{"line":49,"column":24},"end":{"line":51,"column":25}},{"start":{"line":49,"column":24},"end":{"line":51,"column":25}}],"line":49},"7":{"loc":{"start":{"line":55,"column":16},"end":{"line":60,"column":17}},"type":"if","locations":[{"start":{"line":55,"column":16},"end":{"line":60,"column":17}},{"start":{"line":55,"column":16},"end":{"line":60,"column":17}}],"line":55},"8":{"loc":{"start":{"line":56,"column":20},"end":{"line":59,"column":21}},"type":"if","locations":[{"start":{"line":56,"column":20},"end":{"line":59,"column":21}},{"start":{"line":56,"column":20},"end":{"line":59,"column":21}}],"line":56},"9":{"loc":{"start":{"line":64,"column":16},"end":{"line":68,"column":17}},"type":"if","locations":[{"start":{"line":64,"column":16},"end":{"line":68,"column":17}},{"start":{"line":64,"column":16},"end":{"line":68,"column":17}}],"line":64},"10":{"loc":{"start":{"line":65,"column":20},"end":{"line":67,"column":21}},"type":"if","locations":[{"start":{"line":65,"column":20},"end":{"line":67,"column":21}},{"start":{"line":65,"column":20},"end":{"line":67,"column":21}}],"line":65},"11":{"loc":{"start":{"line":70,"column":16},"end":{"line":77,"column":17}},"type":"if","locations":[{"start":{"line":70,"column":16},"end":{"line":77,"column":17}},{"start":{"line":70,"column":16},"end":{"line":77,"column":17}}],"line":70},"12":{"loc":{"start":{"line":71,"column":20},"end":{"line":76,"column":21}},"type":"if","locations":[{"start":{"line":71,"column":20},"end":{"line":76,"column":21}},{"start":{"line":71,"column":20},"end":{"line":76,"column":21}}],"line":71},"13":{"loc":{"start":{"line":72,"column":24},"end":{"line":74,"column":25}},"type":"if","locations":[{"start":{"line":72,"column":24},"end":{"line":74,"column":25}},{"start":{"line":72,"column":24},"end":{"line":74,"column":25}}],"line":72},"14":{"loc":{"start":{"line":79,"column":16},"end":{"line":83,"column":17}},"type":"if","locations":[{"start":{"line":79,"column":16},"end":{"line":83,"column":17}},{"start":{"line":79,"column":16},"end":{"line":83,"column":17}}],"line":79},"15":{"loc":{"start":{"line":80,"column":20},"end":{"line":82,"column":21}},"type":"if","locations":[{"start":{"line":80,"column":20},"end":{"line":82,"column":21}},{"start":{"line":80,"column":20},"end":{"line":82,"column":21}}],"line":80},"16":{"loc":{"start":{"line":87,"column":12},"end":{"line":95,"column":13}},"type":"if","locations":[{"start":{"line":87,"column":12},"end":{"line":95,"column":13}},{"start":{"line":87,"column":12},"end":{"line":95,"column":13}}],"line":87},"17":{"loc":{"start":{"line":89,"column":20},"end":{"line":93,"column":21}},"type":"if","locations":[{"start":{"line":89,"column":20},"end":{"line":93,"column":21}},{"start":{"line":89,"column":20},"end":{"line":93,"column":21}}],"line":89}},"s":{"0":1,"1":1,"2":1,"3":1,"4":0,"5":1,"6":1,"7":1,"8":1,"9":1,"10":1,"11":1,"12":9,"13":1,"14":1,"15":1,"16":9,"17":9,"18":1,"19":9,"20":0,"21":0,"22":0,"23":0,"24":9,"25":0,"26":0,"27":0,"28":1,"29":1,"30":20,"31":20,"32":1,"33":20,"34":0,"35":0,"36":0,"37":0,"38":20,"39":0,"40":0,"41":1,"42":0,"43":0,"44":0,"45":0,"46":0,"47":0,"48":1,"49":1},"f":{"0":1},"b":{"0":[0,1],"1":[1,8],"2":[9,0],"3":[1,8],"4":[0,9],"5":[0,0],"6":[0,0],"7":[0,9],"8":[0,0],"9":[20,0],"10":[1,19],"11":[0,20],"12":[0,0],"13":[0,0],"14":[0,20],"15":[0,0],"16":[0,1],"17":[0,0]},"_coverageSchema":"1a1c01bbd47fc00a2c39e90264f33305004495a9","hash":"385f1a4d71d50fe7d43e0af94f1ba809ed2bf149"}
}
