TN:
SF:src\array\01_findMinElemArray.js
FN:1,findMinElemArray
FNF:1
FNH:1
FNDA:1,findMinElemArray
DA:2,1
DA:3,1
DA:4,2
DA:5,0
DA:7,1
DA:10,1
LF:6
LH:5
BRDA:4,0,0,0
BRDA:4,0,1,2
BRF:2
BRH:1
end_of_record
TN:
SF:src\array\02_findMaxElemArray.js
FN:1,findMaxElemArray
FNF:1
FNH:1
FNDA:1,findMaxElemArray
DA:2,1
DA:3,1
DA:4,2
DA:5,1
DA:7,1
DA:10,1
LF:6
LH:6
BRDA:4,0,0,1
BRDA:4,0,1,1
BRF:2
BRH:2
end_of_record
TN:
SF:src\array\03_findMaxIndexElemArray.js
FN:1,findMaxIndexElemArray
FNF:1
FNH:1
FNDA:1,findMaxIndexElemArray
DA:2,1
DA:3,1
DA:4,1
DA:5,8
DA:6,1
DA:7,1
DA:10,1
DA:13,1
LF:8
LH:8
BRDA:5,0,0,1
BRDA:5,0,1,7
BRF:2
BRH:2
end_of_record
TN:
SF:src\array\04_findMinIndexArray.js
FN:1,findMinIndexArray
FNF:1
FNH:1
FNDA:1,findMinIndexArray
DA:2,1
DA:3,1
DA:4,1
DA:5,8
DA:6,1
DA:7,1
DA:10,1
DA:13,1
LF:8
LH:8
BRDA:5,0,0,1
BRDA:5,0,1,7
BRF:2
BRH:2
end_of_record
TN:
SF:src\array\05_calcSumOddArray.js
FN:1,calcSumOddArray
FNF:1
FNH:1
FNDA:1,calcSumOddArray
DA:2,1
DA:3,1
DA:4,8
DA:5,4
DA:8,1
DA:11,1
LF:6
LH:6
BRDA:4,0,0,4
BRDA:4,0,1,4
BRF:2
BRH:2
end_of_record
TN:
SF:src\array\06_reversArray.js
FN:1,reversArray
FNF:1
FNH:0
FNDA:0,reversArray
DA:2,0
DA:3,0
DA:4,0
DA:5,0
DA:6,0
DA:8,0
DA:11,1
LF:7
LH:1
BRF:0
BRH:0
end_of_record
TN:
SF:src\array\07_reversPartArray.js
FN:2,reversPartArray
FNF:1
FNH:0
FNDA:0,reversPartArray
DA:3,0
DA:4,0
DA:5,0
DA:7,0
DA:8,0
DA:9,0
DA:10,0
DA:11,0
DA:14,0
DA:15,0
DA:16,0
DA:20,0
DA:21,0
DA:22,0
DA:24,0
DA:25,0
DA:26,0
DA:27,0
DA:30,0
DA:31,0
DA:32,0
DA:36,0
DA:39,1
LF:23
LH:1
BRDA:5,0,0,0
BRDA:5,0,1,0
BRDA:8,1,0,0
BRDA:8,1,1,0
BRDA:14,2,0,0
BRDA:14,2,1,0
BRDA:21,3,0,0
BRDA:21,3,1,0
BRDA:24,4,0,0
BRDA:24,4,1,0
BRDA:30,5,0,0
BRDA:30,5,1,0
BRF:12
BRH:0
end_of_record
TN:
SF:src\array\08_metodSelect.js
FN:1,sortSelect
FNF:1
FNH:0
FNDA:0,sortSelect
DA:2,0
DA:4,0
DA:6,0
DA:7,0
DA:8,0
DA:12,0
DA:13,0
DA:14,0
DA:16,0
DA:19,1
LF:10
LH:1
BRDA:7,0,0,0
BRDA:7,0,1,0
BRF:2
BRH:0
end_of_record
TN:
SF:src\array\09_getWeekDay.js
FN:1,getWeekDay
FNF:1
FNH:1
FNDA:8,getWeekDay
DA:3,8
DA:5,1
DA:6,1
DA:8,1
DA:9,1
DA:11,1
DA:12,1
DA:14,1
DA:15,1
DA:17,1
DA:18,1
DA:20,1
DA:21,1
DA:23,1
DA:24,1
DA:27,1
DA:29,8
DA:32,1
LF:18
LH:18
BRDA:3,0,0,1
BRDA:3,0,1,1
BRDA:3,0,2,1
BRDA:3,0,3,1
BRDA:3,0,4,1
BRDA:3,0,5,1
BRDA:3,0,6,1
BRDA:3,0,7,1
BRF:8
BRH:8
end_of_record
TN:
SF:src\condition\01_calcNum.js
FN:1,calcNum
FNF:1
FNH:1
FNDA:1,calcNum
DA:2,1
DA:3,1
DA:6,0
DA:10,1
LF:4
LH:3
BRDA:2,0,0,1
BRDA:2,0,1,0
BRF:2
BRH:1
end_of_record
TN:
SF:src\condition\02_pointCoordinate.js
FN:1,pointCoordinate
FNF:1
FNH:1
FNDA:1,pointCoordinate
DA:2,1
DA:3,0
DA:5,1
DA:6,1
DA:8,0
DA:9,0
DA:11,0
DA:12,0
DA:15,0
DA:19,1
LF:10
LH:4
BRDA:2,0,0,0
BRDA:2,0,1,1
BRDA:2,1,0,1
BRDA:2,1,1,0
BRDA:5,2,0,1
BRDA:5,2,1,0
BRDA:5,3,0,1
BRDA:5,3,1,1
BRDA:8,4,0,0
BRDA:8,4,1,0
BRDA:8,5,0,0
BRDA:8,5,1,0
BRDA:11,6,0,0
BRDA:11,6,1,0
BRDA:11,7,0,0
BRDA:11,7,1,0
BRF:16
BRH:5
end_of_record
TN:
SF:src\condition\03_sumPositiveNum.js
FN:1,sumPositiveNum
FNF:1
FNH:1
FNDA:1,sumPositiveNum
DA:2,1
DA:3,1
DA:5,1
DA:6,0
DA:8,1
DA:9,0
DA:11,1
DA:15,1
LF:8
LH:6
BRDA:2,0,0,1
BRDA:2,0,1,0
BRDA:5,1,0,0
BRDA:5,1,1,1
BRDA:8,2,0,0
BRDA:8,2,1,1
BRF:6
BRH:3
end_of_record
TN:
SF:src\condition\04_calcExpression.js
FN:8,calcExpression
FNF:1
FNH:1
FNDA:1,calcExpression
DA:9,1
DA:12,1
LF:2
LH:2
BRF:0
BRH:0
end_of_record
TN:
SF:src\condition\05_showRating.js
FN:1,showRating
FNF:1
FNH:1
FNDA:1,showRating
DA:2,1
DA:3,0
DA:5,1
DA:6,0
DA:8,1
DA:9,0
DA:11,1
DA:12,0
DA:14,1
DA:15,0
DA:17,1
DA:18,0
DA:20,1
DA:21,1
DA:25,1
LF:15
LH:9
BRDA:2,0,0,0
BRDA:2,0,1,1
BRDA:2,1,0,1
BRDA:2,1,1,1
BRDA:5,2,0,0
BRDA:5,2,1,1
BRDA:5,3,0,1
BRDA:5,3,1,0
BRDA:8,4,0,0
BRDA:8,4,1,1
BRDA:8,5,0,1
BRDA:8,5,1,0
BRDA:11,6,0,0
BRDA:11,6,1,1
BRDA:11,7,0,1
BRDA:11,7,1,0
BRDA:14,8,0,0
BRDA:14,8,1,1
BRDA:14,9,0,1
BRDA:14,9,1,0
BRDA:17,10,0,0
BRDA:17,10,1,1
BRDA:17,11,0,1
BRDA:17,11,1,0
BRDA:20,12,0,1
BRDA:20,12,1,0
BRDA:20,13,0,1
BRDA:20,13,1,1
BRF:28
BRH:16
end_of_record
TN:
SF:src\cycle\01_sumNumb.js
FN:1,sumNumb
FNF:1
FNH:1
FNDA:1,sumNumb
DA:2,1
DA:3,1
DA:4,100
DA:5,50
DA:8,1
DA:11,1
LF:6
LH:6
BRDA:4,0,0,50
BRDA:4,0,1,50
BRF:2
BRH:2
end_of_record
TN:
SF:src\cycle\02_simpleNum.js
FN:1,simpleNum
FNF:1
FNH:1
FNDA:1,simpleNum
DA:2,1
DA:3,1
DA:4,1
DA:5,1
DA:6,4
DA:8,1
DA:10,1
LF:7
LH:7
BRDA:2,0,0,0
BRDA:2,0,1,1
BRDA:3,1,0,0
BRDA:3,1,1,1
BRDA:3,2,0,1
BRDA:3,2,1,0
BRDA:6,3,0,0
BRDA:6,3,1,4
BRF:8
BRH:4
end_of_record
TN:
SF:src\cycle\03_naturNub.js
FN:1,natureNum
FNF:1
FNH:1
FNDA:1,natureNum
DA:3,1
DA:4,1
DA:6,1
DA:8,1
LF:4
LH:4
BRDA:3,0,0,1
BRDA:3,0,1,0
BRF:2
BRH:1
end_of_record
TN:
SF:src\cycle\04_calcFactorial.js
FN:1,calcFactorial
FNF:1
FNH:1
FNDA:1,calcFactorial
DA:2,1
DA:3,1
DA:4,5
DA:6,1
DA:8,1
LF:5
LH:5
BRF:0
BRH:0
end_of_record
TN:
SF:src\cycle\05_calcSumNumbers.js
FN:1,calcSumNumbers
FNF:1
FNH:1
FNDA:1,calcSumNumbers
DA:2,1
DA:3,1
DA:4,6
DA:5,6
DA:7,1
DA:10,1
LF:6
LH:6
BRF:0
BRH:0
end_of_record
TN:
SF:src\cycle\06_showRevers.js
FN:1,showRevers
FNF:1
FNH:1
FNDA:1,showRevers
DA:2,1
DA:3,1
DA:4,6
DA:5,6
DA:6,6
DA:8,1
DA:10,1
LF:7
LH:7
BRF:0
BRH:0
end_of_record
TN:
SF:src\function\01_changeNumToWord.js
FN:1,changeNumToWord
FNF:1
FNH:1
FNDA:1,changeNumToWord
DA:2,1
DA:3,1
DA:4,1
DA:5,1
DA:6,0
DA:8,1
DA:14,1
DA:18,1
DA:22,1
DA:23,1
DA:24,1
DA:27,1
DA:28,0
DA:32,1
DA:33,1
DA:34,1
DA:37,1
DA:38,1
DA:42,1
DA:45,1
LF:20
LH:18
BRDA:2,0,0,1
BRDA:2,0,1,0
BRDA:5,1,0,0
BRDA:5,1,1,1
BRDA:23,2,0,1
BRDA:23,2,1,0
BRDA:27,3,0,0
BRDA:27,3,1,1
BRDA:33,4,0,1
BRDA:33,4,1,0
BRF:10
BRH:5
end_of_record
TN:
SF:src\function\02_calcDistance.js
FN:1,calcDistance
FNF:1
FNH:1
FNDA:1,calcDistance
DA:2,1
DA:3,1
DA:6,1
LF:3
LH:3
BRF:0
BRH:0
end_of_record
TN:
SF:src\function\03_changeWordToNum999.js
FN:1,changeWordToNum
FNF:1
FNH:1
FNDA:1,changeWordToNum
DA:2,1
DA:3,1
DA:6,1
DA:7,1
DA:8,0
DA:11,1
DA:12,1
DA:18,1
DA:22,1
DA:32,1
DA:33,9
DA:34,1
DA:38,1
DA:40,9
DA:41,9
DA:42,1
DA:46,9
DA:47,0
DA:48,0
DA:49,0
DA:50,0
DA:55,9
DA:56,0
DA:57,0
DA:58,0
DA:63,1
DA:64,20
DA:65,20
DA:66,1
DA:70,20
DA:71,0
DA:72,0
DA:73,0
DA:75,0
DA:79,20
DA:80,0
DA:81,0
DA:87,1
DA:88,0
DA:89,0
DA:90,0
DA:91,0
DA:92,0
DA:96,1
DA:101,1
LF:45
LH:26
BRDA:7,0,0,0
BRDA:7,0,1,1
BRDA:33,1,0,1
BRDA:33,1,1,8
BRDA:40,2,0,9
BRDA:40,2,1,0
BRDA:41,3,0,1
BRDA:41,3,1,8
BRDA:46,4,0,0
BRDA:46,4,1,9
BRDA:47,5,0,0
BRDA:47,5,1,0
BRDA:49,6,0,0
BRDA:49,6,1,0
BRDA:55,7,0,0
BRDA:55,7,1,9
BRDA:56,8,0,0
BRDA:56,8,1,0
BRDA:64,9,0,20
BRDA:64,9,1,0
BRDA:65,10,0,1
BRDA:65,10,1,19
BRDA:70,11,0,0
BRDA:70,11,1,20
BRDA:71,12,0,0
BRDA:71,12,1,0
BRDA:72,13,0,0
BRDA:72,13,1,0
BRDA:79,14,0,0
BRDA:79,14,1,20
BRDA:80,15,0,0
BRDA:80,15,1,0
BRDA:87,16,0,0
BRDA:87,16,1,1
BRDA:89,17,0,0
BRDA:89,17,1,0
BRF:36
BRH:14
end_of_record
