TN:
SF:src\array\01_findMinElemArray.js
FN:1,findMinElemArray
FNF:1
FNH:1
FNDA:2,findMinElemArray
DA:2,2
DA:3,2
DA:4,4
DA:5,1
DA:7,2
DA:10,1
LF:6
LH:6
BRDA:4,0,0,1
BRDA:4,0,1,3
BRF:2
BRH:2
end_of_record
TN:
SF:src\array\02_findMaxElemArray.js
FN:1,findMaxElemArray
FNF:1
FNH:1
FNDA:1,findMaxElemArray
DA:2,1
DA:3,1
DA:4,2
DA:5,1
DA:7,1
DA:10,1
LF:6
LH:6
BRDA:4,0,0,1
BRDA:4,0,1,1
BRF:2
BRH:2
end_of_record
TN:
SF:src\array\03_findMaxIndexElemArray.js
FN:1,findMaxIndexElemArray
FNF:1
FNH:1
FNDA:1,findMaxIndexElemArray
DA:2,1
DA:3,1
DA:4,1
DA:5,8
DA:6,1
DA:7,1
DA:10,1
DA:13,1
LF:8
LH:8
BRDA:5,0,0,1
BRDA:5,0,1,7
BRF:2
BRH:2
end_of_record
TN:
SF:src\array\04_findMinIndexArray.js
FN:1,findMinIndexArray
FNF:1
FNH:1
FNDA:1,findMinIndexArray
DA:2,1
DA:3,1
DA:4,1
DA:5,8
DA:6,1
DA:7,1
DA:10,1
DA:13,1
LF:8
LH:8
BRDA:5,0,0,1
BRDA:5,0,1,7
BRF:2
BRH:2
end_of_record
TN:
SF:src\array\05_calcSumOddArray.js
FN:1,calcSumOddArray
FNF:1
FNH:1
FNDA:1,calcSumOddArray
DA:2,1
DA:3,1
DA:4,8
DA:5,4
DA:8,1
DA:11,1
LF:6
LH:6
BRDA:4,0,0,4
BRDA:4,0,1,4
BRF:2
BRH:2
end_of_record
TN:
SF:src\array\06_reversArray.js
FN:1,reversArray
FNF:1
FNH:1
FNDA:1,reversArray
DA:2,1
DA:3,1
DA:4,1
DA:5,8
DA:6,8
DA:8,1
DA:11,1
LF:7
LH:7
BRF:0
BRH:0
end_of_record
TN:
SF:src\array\07_reversPartArray.js
FN:2,reversPartArray
FNF:1
FNH:1
FNDA:2,reversPartArray
DA:3,2
DA:4,2
DA:5,17
DA:7,8
DA:8,8
DA:9,3
DA:10,12
DA:11,12
DA:14,8
DA:15,4
DA:16,4
DA:20,9
DA:21,9
DA:22,1
DA:24,9
DA:25,3
DA:26,12
DA:27,12
DA:30,9
DA:31,5
DA:32,5
DA:36,2
DA:39,1
LF:23
LH:23
BRDA:5,0,0,8
BRDA:5,0,1,9
BRDA:8,1,0,3
BRDA:8,1,1,5
BRDA:14,2,0,4
BRDA:14,2,1,4
BRDA:21,3,0,1
BRDA:21,3,1,8
BRDA:24,4,0,3
BRDA:24,4,1,6
BRDA:30,5,0,5
BRDA:30,5,1,4
BRF:12
BRH:12
end_of_record
TN:
SF:src\array\08_metodSelect.js
FN:1,sortSelect
FNF:1
FNH:1
FNDA:1,sortSelect
DA:2,1
DA:4,5
DA:6,5
DA:7,15
DA:8,4
DA:12,5
DA:13,5
DA:14,5
DA:16,1
DA:19,1
LF:10
LH:10
BRDA:7,0,0,4
BRDA:7,0,1,11
BRF:2
BRH:2
end_of_record
TN:
SF:src\array\09_getWeekDay.js
FN:1,getWeekDay
FNF:1
FNH:1
FNDA:8,getWeekDay
DA:3,8
DA:5,1
DA:6,1
DA:8,1
DA:9,1
DA:11,1
DA:12,1
DA:14,1
DA:15,1
DA:17,1
DA:18,1
DA:20,1
DA:21,1
DA:23,1
DA:24,1
DA:27,1
DA:29,8
DA:32,1
LF:18
LH:18
BRDA:3,0,0,1
BRDA:3,0,1,1
BRDA:3,0,2,1
BRDA:3,0,3,1
BRDA:3,0,4,1
BRDA:3,0,5,1
BRDA:3,0,6,1
BRDA:3,0,7,1
BRF:8
BRH:8
end_of_record
TN:
SF:src\condition\01_calcNum.js
FN:1,calcNum
FNF:1
FNH:1
FNDA:2,calcNum
DA:2,2
DA:3,1
DA:6,1
DA:10,1
LF:4
LH:4
BRDA:2,0,0,1
BRDA:2,0,1,1
BRF:2
BRH:2
end_of_record
TN:
SF:src\condition\02_pointCoordinate.js
FN:1,pointCoordinate
FNF:1
FNH:1
FNDA:5,pointCoordinate
DA:2,5
DA:3,1
DA:5,4
DA:6,1
DA:8,3
DA:9,1
DA:11,2
DA:12,1
DA:15,1
DA:19,1
LF:10
LH:10
BRDA:2,0,0,1
BRDA:2,0,1,4
BRDA:2,1,0,5
BRDA:2,1,1,2
BRDA:5,2,0,1
BRDA:5,2,1,3
BRDA:5,3,0,4
BRDA:5,3,1,2
BRDA:8,4,0,1
BRDA:8,4,1,2
BRDA:8,5,0,3
BRDA:8,5,1,1
BRDA:11,6,0,1
BRDA:11,6,1,1
BRDA:11,7,0,2
BRDA:11,7,1,1
BRF:16
BRH:16
end_of_record
TN:
SF:src\condition\03_sumPositiveNum.js
FN:1,sumPositiveNum
FNF:1
FNH:1
FNDA:3,sumPositiveNum
DA:2,3
DA:3,1
DA:5,3
DA:6,1
DA:8,3
DA:9,1
DA:11,3
DA:15,1
LF:8
LH:8
BRDA:2,0,0,1
BRDA:2,0,1,2
BRDA:5,1,0,1
BRDA:5,1,1,2
BRDA:8,2,0,1
BRDA:8,2,1,2
BRF:6
BRH:6
end_of_record
TN:
SF:src\condition\04_calcExpression.js
FN:8,calcExpression
FNF:1
FNH:1
FNDA:1,calcExpression
DA:9,1
DA:12,1
LF:2
LH:2
BRF:0
BRH:0
end_of_record
TN:
SF:src\condition\05_showRating.js
FN:1,showRating
FNF:1
FNH:1
FNDA:9,showRating
DA:2,9
DA:3,1
DA:7,8
DA:8,2
DA:10,6
DA:11,1
DA:13,5
DA:14,1
DA:16,4
DA:17,1
DA:19,3
DA:20,1
DA:22,2
DA:23,1
DA:25,1
DA:26,1
DA:31,1
LF:17
LH:17
BRDA:2,0,0,1
BRDA:2,0,1,8
BRDA:7,1,0,2
BRDA:7,1,1,6
BRDA:7,2,0,8
BRDA:7,2,1,7
BRDA:10,3,0,1
BRDA:10,3,1,5
BRDA:10,4,0,6
BRDA:10,4,1,1
BRDA:13,5,0,1
BRDA:13,5,1,4
BRDA:13,6,0,5
BRDA:13,6,1,1
BRDA:16,7,0,1
BRDA:16,7,1,3
BRDA:16,8,0,4
BRDA:16,8,1,1
BRDA:19,9,0,1
BRDA:19,9,1,2
BRDA:19,10,0,3
BRDA:19,10,1,1
BRDA:22,11,0,1
BRDA:22,11,1,1
BRDA:22,12,0,2
BRDA:22,12,1,1
BRDA:25,13,0,1
BRDA:25,13,1,0
BRDA:25,14,0,1
BRDA:25,14,1,1
BRF:30
BRH:29
end_of_record
TN:
SF:src\cycle\01_sumNumb.js
FN:1,sumNumb
FNF:1
FNH:1
FNDA:1,sumNumb
DA:2,1
DA:3,1
DA:4,100
DA:5,50
DA:8,1
DA:11,1
LF:6
LH:6
BRDA:4,0,0,50
BRDA:4,0,1,50
BRF:2
BRH:2
end_of_record
TN:
SF:src\cycle\02_simpleNum.js
FN:1,simpleNum
FNF:1
FNH:1
FNDA:4,simpleNum
DA:2,4
DA:3,3
DA:4,2
DA:5,2
DA:6,6
DA:8,1
DA:10,1
LF:7
LH:7
BRDA:2,0,0,1
BRDA:2,0,1,3
BRDA:3,1,0,1
BRDA:3,1,1,2
BRDA:3,2,0,3
BRDA:3,2,1,1
BRDA:6,3,0,1
BRDA:6,3,1,5
BRF:8
BRH:8
end_of_record
TN:
SF:src\cycle\03_naturNub.js
FN:1,natureNum
FNF:1
FNH:1
FNDA:1,natureNum
DA:3,1
DA:4,1
DA:6,1
DA:8,1
LF:4
LH:4
BRDA:3,0,0,1
BRDA:3,0,1,0
BRF:2
BRH:1
end_of_record
TN:
SF:src\cycle\04_calcFactorial.js
FN:1,calcFactorial
FNF:1
FNH:1
FNDA:1,calcFactorial
DA:2,1
DA:3,1
DA:4,5
DA:6,1
DA:8,1
LF:5
LH:5
BRF:0
BRH:0
end_of_record
TN:
SF:src\cycle\05_calcSumNumbers.js
FN:1,calcSumNumbers
FNF:1
FNH:1
FNDA:1,calcSumNumbers
DA:2,1
DA:3,1
DA:4,6
DA:5,6
DA:7,1
DA:10,1
LF:6
LH:6
BRF:0
BRH:0
end_of_record
TN:
SF:src\cycle\06_showRevers.js
FN:1,showRevers
FNF:1
FNH:1
FNDA:1,showRevers
DA:2,1
DA:3,1
DA:4,6
DA:5,6
DA:6,6
DA:8,1
DA:10,1
LF:7
LH:7
BRF:0
BRH:0
end_of_record
TN:
SF:src\function\01_changeNumToWord.js
FN:1,changeNumToWord
FNF:1
FNH:1
FNDA:3,changeNumToWord
DA:2,3
DA:3,3
DA:4,3
DA:5,3
DA:6,1
DA:7,1
DA:10,2
DA:16,2
DA:20,2
DA:24,2
DA:25,2
DA:26,1
DA:29,2
DA:30,1
DA:34,1
DA:35,1
DA:36,1
DA:39,1
DA:40,1
DA:44,2
DA:47,1
LF:21
LH:21
BRDA:2,0,0,3
BRDA:2,0,1,0
BRDA:5,1,0,1
BRDA:5,1,1,2
BRDA:25,2,0,1
BRDA:25,2,1,1
BRDA:29,3,0,1
BRDA:29,3,1,1
BRDA:35,4,0,1
BRDA:35,4,1,0
BRF:10
BRH:8
end_of_record
TN:
SF:src\function\02_calcDistance.js
FN:1,calcDistance
FNF:1
FNH:1
FNDA:1,calcDistance
DA:2,1
DA:3,1
DA:6,1
LF:3
LH:3
BRF:0
BRH:0
end_of_record
TN:
SF:src\function\03_changeWordToNum999.js
FN:1,changeWordToNum
FNF:1
FNH:1
FNDA:9,changeWordToNum
DA:2,9
DA:3,9
DA:6,9
DA:7,9
DA:8,1
DA:9,1
DA:12,8
DA:13,8
DA:19,8
DA:23,8
DA:33,8
DA:34,40
DA:35,4
DA:38,40
DA:39,4
DA:40,36
DA:41,1
DA:42,1
DA:43,1
DA:49,8
DA:51,80
DA:52,20
DA:53,2
DA:57,80
DA:58,20
DA:59,0
DA:63,80
DA:64,40
DA:65,1
DA:66,1
DA:71,8
DA:72,160
DA:73,40
DA:74,2
DA:78,160
DA:79,40
DA:80,2
DA:81,1
DA:83,2
DA:87,160
DA:88,80
DA:89,2
DA:95,8
DA:103,1
LF:44
LH:43
BRDA:7,0,0,1
BRDA:7,0,1,8
BRDA:34,1,0,4
BRDA:34,1,1,36
BRDA:38,2,0,4
BRDA:38,2,1,36
BRDA:40,3,0,1
BRDA:40,3,1,35
BRDA:51,4,0,20
BRDA:51,4,1,60
BRDA:52,5,0,2
BRDA:52,5,1,18
BRDA:57,6,0,20
BRDA:57,6,1,60
BRDA:58,7,0,0
BRDA:58,7,1,20
BRDA:63,8,0,40
BRDA:63,8,1,40
BRDA:64,9,0,1
BRDA:64,9,1,39
BRDA:72,10,0,40
BRDA:72,10,1,120
BRDA:73,11,0,2
BRDA:73,11,1,38
BRDA:78,12,0,40
BRDA:78,12,1,120
BRDA:79,13,0,2
BRDA:79,13,1,38
BRDA:80,14,0,1
BRDA:80,14,1,1
BRDA:87,15,0,80
BRDA:87,15,1,80
BRDA:88,16,0,2
BRDA:88,16,1,78
BRF:34
BRH:33
end_of_record
